{"error":"Duplicate entry 'victor@email.com' for key 'usuarios.IDX_446adfc18b35418aac32ae0b7b'","ip":"::1","level":"error","login":"victor123","message":"Erro no registro","timestamp":"2026-04-25T14:38:48.719Z"}
{"error":"Email já cadastrado","ip":"::1","level":"error","login":"victor123","message":"Erro no registro","timestamp":"2026-04-25T14:40:47.145Z"}
{"ip":"::1","level":"info","login":"victor123","message":"Usuário registrado","perfil":"usuario","timestamp":"2026-04-25T14:41:01.396Z","userId":3}
{"details":"\"senha\" length must be at least 6 characters long","ip":"::1","level":"warn","message":"Tentativa de login com dados inválidos","timestamp":"2026-04-25T14:48:43.570Z","userAgent":"PostmanRuntime/7.53.0"}
{"error":"Senha incorreta","ip":"::1","level":"warn","login":"admin","message":"Falha no login","timestamp":"2026-04-25T14:54:02.618Z"}
{"error":"secretOrPrivateKey must have a value","ip":"::1","level":"warn","login":"admin","message":"Falha no login","timestamp":"2026-04-25T14:54:27.390Z"}
{"error":"secretOrPrivateKey must have a value","ip":"::1","level":"warn","login":"admin","message":"Falha no login","timestamp":"2026-04-25T14:56:22.161Z"}
{"error":"secretOrPrivateKey must have a value","ip":"::1","level":"warn","login":"admin","message":"Falha no login","timestamp":"2026-04-25T14:56:23.823Z"}
{"ip":"::1","level":"info","login":"admin","message":"Login bem-sucedido","timestamp":"2026-04-25T14:57:46.393Z","userId":4}
{"ip":"::1","level":"info","login":"admin","message":"Login bem-sucedido","timestamp":"2026-04-25T14:58:32.891Z","userId":4}
{"ip":"::1","level":"info","login":"admin","message":"Login bem-sucedido","timestamp":"2026-04-25T14:58:43.434Z","userId":4}
{"ip":"::1","level":"info","login":"admin","message":"Login bem-sucedido","timestamp":"2026-04-25T15:00:31.850Z","userId":4}
{"ip":"::1","level":"info","login":"admin","message":"Login bem-sucedido","timestamp":"2026-04-25T15:02:49.762Z","userId":4}
{"ip":"::1","level":"info","login":"admin","message":"Login bem-sucedido","timestamp":"2026-04-25T15:05:46.226Z","userId":4}
{"ip":"::1","level":"warn","message":"Token inválido","timestamp":"2026-04-25T15:05:56.815Z","userAgent":"PostmanRuntime/7.53.0"}
{"ip":"::1","level":"info","login":"admin","message":"Login bem-sucedido","timestamp":"2026-04-25T15:06:04.675Z","userId":4}
{"ip":"::1","level":"info","login":"admin","message":"Login bem-sucedido","timestamp":"2026-04-25T15:06:51.623Z","userId":4}
{"ip":"::1","level":"info","login":"admin","message":"Login bem-sucedido","timestamp":"2026-04-25T15:08:02.637Z","userId":4}
{"ip":"::1","level":"info","login":"admin","message":"Login bem-sucedido","timestamp":"2026-04-25T15:09:44.685Z","userId":4}
{"ip":"::1","level":"info","login":"usuario2","message":"Usuário registrado","perfil":"usuario","timestamp":"2026-04-25T15:10:01.045Z","userId":5}
